<?xml version="1.0" encoding="utf-8" standalone="no"?>
<!--This file represents the results of running a test suite-->
<test-results name="Sevansoft.TechnologyUpliftSample.Tests.dll" total="1" errors="0" failures="0" not-run="0" inconclusive="0" ignored="0" skipped="0" invalid="0" date="2013-11-18" time="16:31:41">
  <environment nunit-version="2.5.2.9222" clr-version="2.0.50727.5472" os-version="Microsoft Windows NT 6.1.7601 Service Pack 1" platform="Win32NT" cwd="D:\Sevansoft\Sevansoft.TechnologyUpliftSample\Sevansoft.TechnologyUpliftSample.Tests\bin\Debug" machine-name="WIN7-ULT-VM" user="Steve" user-domain="win7-ult-vm" />
  <culture-info current-culture="en-GB" current-uiculture="en-US" />
  <test-suite name="Sevansoft.TechnologyUpliftSample.Tests.dll" executed="True" success="True" time="0.120" asserts="0">
    <results>
      <test-suite name="Sevansoft" executed="True" success="True" time="0.120" asserts="0">
        <results>
          <test-suite name="TechnologyUpliftSample" executed="True" success="True" time="0.120" asserts="0">
            <results>
              <test-suite name="Tests" executed="True" success="True" time="0.120" asserts="0">
                <results>
                  <test-suite name="PersonTests" executed="True" success="True" time="0.110" asserts="0">
                    <results>
                      <test-case name="Sevansoft.TechnologyUpliftSample.Tests.PersonTests.ContructorTest" executed="True" success="True" time="0.100" asserts="4" />
                    </results>
                  </test-suite>
                </results>
              </test-suite>
            </results>
          </test-suite>
        </results>
      </test-suite>
    </results>
  </test-suite>
</test-results>